{"uuid":"04b597cd-96ae-4493-82ef-c440fbd79f9b","historyId":"139682bfd2290c01f5ef95bed650da80","fullName":"src/test/resources/features/regression/Rewardspage.feature:3","labels":[{"name":"host","value":"Revanths-MacBook-Air.local"},{"name":"thread","value":"2257@Revanths-MacBook-Air.local.main(1)"},{"name":"feature","value":"To validaty reward redemption of BSTL PWA"},{"name":"story","value":"To validate e-voucher reward redemption"},{"name":"suite","value":"To validaty reward redemption of BSTL PWA"},{"name":"testClass","value":"To validate e-voucher reward redemption"},{"name":"framework","value":"cucumber4jvm"},{"name":"language","value":"java"},{"name":"gherkin_uri","value":"file:///Users/139srk/eclipse-workspace/BSTLBDDCUCUMBERFRAMWORK/src/test/resources/features/regression/Rewardspage.feature"},{"name":"package","value":"src.test.resources.features.regression.Rewardspage_feature.To validaty reward redemption of BSTL PWA"}],"links":[],"name":"To validate e-voucher reward redemption","status":"broken","statusDetails":{"known":false,"muted":false,"flaky":false,"message":"element click intercepted: Element <img _ngcontent-ng-c3825128054=\"\" class=\"img-fluid ng-star-inserted\" src=\"https://nuhs.skordev.com/static/img/profile_img.png\"> is not clickable at point (1225, 38). Other element would receive the click: <div class=\"ng-tns-c62583721-11 toast-title ng-star-inserted\" aria-label=\"Success\" style=\"\">...</div>\n  (Session info: chrome=122.0.6261.69)\nBuild info: version: '4.10.0', revision: 'c14d967899'\nSystem info: os.name: 'Mac OS X', os.arch: 'aarch64', os.version: '14.2.1', java.version: '11.0.19'\nDriver info: org.openqa.selenium.chrome.ChromeDriver\nCommand: [d125e01609f82e36ccbd6de58a82b62f, clickElement {id=f.E4821C16DFF7DE741B1029F917301BD9.d.7FDFC59B0DEC344EC4B86272F5E60FA6.e.2884}]\nCapabilities {acceptInsecureCerts: false, browserName: chrome, browserVersion: 122.0.6261.69, chrome: {chromedriverVersion: 122.0.6261.94 (880dbf29479c..., userDataDir: /var/folders/ld/nvs4ylrn1dv...}, fedcm:accounts: true, goog:chromeOptions: {debuggerAddress: localhost:62232}, networkConnectionEnabled: false, pageLoadStrategy: normal, platformName: mac, proxy: Proxy(), se:cdp: ws://localhost:62232/devtoo..., se:cdpVersion: 122.0.6261.69, setWindowRect: true, strictFileInteractability: false, timeouts: {implicit: 0, pageLoad: 300000, script: 30000}, unhandledPromptBehavior: dismiss and notify, webauthn:extension:credBlob: true, webauthn:extension:largeBlob: true, webauthn:extension:minPinLength: true, webauthn:extension:prf: true, webauthn:virtualAuthenticators: true}\nElement: [[ChromeDriver: chrome on mac (d125e01609f82e36ccbd6de58a82b62f)] -> xpath: //img[@class='img-fluid ng-star-inserted']]\nSession ID: d125e01609f82e36ccbd6de58a82b62f","trace":"org.openqa.selenium.ElementClickInterceptedException: element click intercepted: Element <img _ngcontent-ng-c3825128054=\"\" class=\"img-fluid ng-star-inserted\" src=\"https://nuhs.skordev.com/static/img/profile_img.png\"> is not clickable at point (1225, 38). Other element would receive the click: <div class=\"ng-tns-c62583721-11 toast-title ng-star-inserted\" aria-label=\"Success\" style=\"\">...</div>\n  (Session info: chrome=122.0.6261.69)\nBuild info: version: '4.10.0', revision: 'c14d967899'\nSystem info: os.name: 'Mac OS X', os.arch: 'aarch64', os.version: '14.2.1', java.version: '11.0.19'\nDriver info: org.openqa.selenium.chrome.ChromeDriver\nCommand: [d125e01609f82e36ccbd6de58a82b62f, clickElement {id=f.E4821C16DFF7DE741B1029F917301BD9.d.7FDFC59B0DEC344EC4B86272F5E60FA6.e.2884}]\nCapabilities {acceptInsecureCerts: false, browserName: chrome, browserVersion: 122.0.6261.69, chrome: {chromedriverVersion: 122.0.6261.94 (880dbf29479c..., userDataDir: /var/folders/ld/nvs4ylrn1dv...}, fedcm:accounts: true, goog:chromeOptions: {debuggerAddress: localhost:62232}, networkConnectionEnabled: false, pageLoadStrategy: normal, platformName: mac, proxy: Proxy(), se:cdp: ws://localhost:62232/devtoo..., se:cdpVersion: 122.0.6261.69, setWindowRect: true, strictFileInteractability: false, timeouts: {implicit: 0, pageLoad: 300000, script: 30000}, unhandledPromptBehavior: dismiss and notify, webauthn:extension:credBlob: true, webauthn:extension:largeBlob: true, webauthn:extension:minPinLength: true, webauthn:extension:prf: true, webauthn:virtualAuthenticators: true}\nElement: [[ChromeDriver: chrome on mac (d125e01609f82e36ccbd6de58a82b62f)] -> xpath: //img[@class='img-fluid ng-star-inserted']]\nSession ID: d125e01609f82e36ccbd6de58a82b62f\n\tat java.base/jdk.internal.reflect.NativeConstructorAccessorImpl.newInstance0(Native Method)\n\tat java.base/jdk.internal.reflect.NativeConstructorAccessorImpl.newInstance(NativeConstructorAccessorImpl.java:62)\n\tat java.base/jdk.internal.reflect.DelegatingConstructorAccessorImpl.newInstance(DelegatingConstructorAccessorImpl.java:45)\n\tat java.base/java.lang.reflect.Constructor.newInstance(Constructor.java:490)\n\tat org.openqa.selenium.remote.codec.w3c.W3CHttpResponseCodec.createException(W3CHttpResponseCodec.java:199)\n\tat org.openqa.selenium.remote.codec.w3c.W3CHttpResponseCodec.decode(W3CHttpResponseCodec.java:132)\n\tat org.openqa.selenium.remote.codec.w3c.W3CHttpResponseCodec.decode(W3CHttpResponseCodec.java:51)\n\tat org.openqa.selenium.remote.HttpCommandExecutor.execute(HttpCommandExecutor.java:191)\n\tat org.openqa.selenium.remote.service.DriverCommandExecutor.invokeExecute(DriverCommandExecutor.java:196)\n\tat org.openqa.selenium.remote.service.DriverCommandExecutor.execute(DriverCommandExecutor.java:171)\n\tat org.openqa.selenium.remote.RemoteWebDriver.execute(RemoteWebDriver.java:531)\n\tat org.openqa.selenium.remote.RemoteWebElement.execute(RemoteWebElement.java:242)\n\tat org.openqa.selenium.remote.RemoteWebElement.click(RemoteWebElement.java:77)\n\tat steps.StepDefinitions.user_click_on_profile_tab(StepDefinitions.java:144)\n\tat ✽.user click on profile tab(file:///Users/139srk/eclipse-workspace/BSTLBDDCUCUMBERFRAMWORK/src/test/resources/features/regression/Rewardspage.feature:22)\n"},"stage":"finished","steps":[{"name":"Given  user starts \"chrome\" browser","status":"passed","statusDetails":{"known":false,"muted":false,"flaky":false},"stage":"finished","steps":[],"attachments":[],"parameters":[],"start":1709176487518,"stop":1709176488125},{"name":"And  user launch PWA using URL \"https://bstl-pwa.skordev.com/#/login\"","status":"passed","statusDetails":{"known":false,"muted":false,"flaky":false},"stage":"finished","steps":[],"attachments":[],"parameters":[],"start":1709176488126,"stop":1709176495306},{"name":"And  user click on langauge change icon","status":"passed","statusDetails":{"known":false,"muted":false,"flaky":false},"stage":"finished","steps":[],"attachments":[],"parameters":[],"start":1709176495307,"stop":1709176495341},{"name":"And  user change the language Thai to English","status":"passed","statusDetails":{"known":false,"muted":false,"flaky":false},"stage":"finished","steps":[],"attachments":[],"parameters":[],"start":1709176495341,"stop":1709176498555},{"name":"When  user enter the  username  \"norm@bstl.com\"","status":"passed","statusDetails":{"known":false,"muted":false,"flaky":false},"stage":"finished","steps":[],"attachments":[],"parameters":[],"start":1709176498555,"stop":1709176498626},{"name":"When  user enter the  password \"pass\"","status":"passed","statusDetails":{"known":false,"muted":false,"flaky":false},"stage":"finished","steps":[],"attachments":[],"parameters":[],"start":1709176498627,"stop":1709176498655},{"name":"And  user click on terms & conditions check box","status":"passed","statusDetails":{"known":false,"muted":false,"flaky":false},"stage":"finished","steps":[],"attachments":[],"parameters":[],"start":1709176498655,"stop":1709176498686},{"name":"And  user click on login button","status":"passed","statusDetails":{"known":false,"muted":false,"flaky":false},"stage":"finished","steps":[],"attachments":[],"parameters":[],"start":1709176498687,"stop":1709176502222},{"name":"When  user click on rewards heading in header section in home page","status":"passed","statusDetails":{"known":false,"muted":false,"flaky":false},"stage":"finished","steps":[],"attachments":[],"parameters":[],"start":1709176502223,"stop":1709176505297},{"name":"And  user click on e-voucher reward","status":"passed","statusDetails":{"known":false,"muted":false,"flaky":false},"stage":"finished","steps":[],"attachments":[],"parameters":[],"start":1709176505299,"stop":1709176508371},{"name":"When  user click on redeem button","status":"passed","statusDetails":{"known":false,"muted":false,"flaky":false},"stage":"finished","steps":[],"attachments":[],"parameters":[],"start":1709176508374,"stop":1709176511435},{"name":"And  user click on redeem now button","status":"passed","statusDetails":{"known":false,"muted":false,"flaky":false},"stage":"finished","steps":[],"attachments":[],"parameters":[],"start":1709176511435,"stop":1709176511465},{"name":"When  user click on redeem now button on order confirmation page","status":"passed","statusDetails":{"known":false,"muted":false,"flaky":false},"stage":"finished","steps":[],"attachments":[],"parameters":[],"start":1709176511466,"stop":1709176511492},{"name":"And  click on view order button","status":"passed","statusDetails":{"known":false,"muted":false,"flaky":false},"stage":"finished","steps":[],"attachments":[],"parameters":[],"start":1709176511492,"stop":1709176516062},{"name":"And  user click on mark as used button","status":"passed","statusDetails":{"known":false,"muted":false,"flaky":false},"stage":"finished","steps":[],"attachments":[],"parameters":[],"start":1709176516063,"stop":1709176519116},{"name":"And  user click on mark as ued tab yes button","status":"passed","statusDetails":{"known":false,"muted":false,"flaky":false},"stage":"finished","steps":[],"attachments":[],"parameters":[],"start":1709176519118,"stop":1709176519156},{"name":"Then  user click on rewards heading in header","status":"passed","statusDetails":{"known":false,"muted":false,"flaky":false},"stage":"finished","steps":[],"attachments":[],"parameters":[],"start":1709176519156,"stop":1709176519189},{"name":"And  click on my wallet","status":"passed","statusDetails":{"known":false,"muted":false,"flaky":false},"stage":"finished","steps":[],"attachments":[],"parameters":[],"start":1709176519190,"stop":1709176522228},{"name":"And  user click on profile tab","status":"broken","statusDetails":{"known":false,"muted":false,"flaky":false,"message":"element click intercepted: Element <img _ngcontent-ng-c3825128054=\"\" class=\"img-fluid ng-star-inserted\" src=\"https://nuhs.skordev.com/static/img/profile_img.png\"> is not clickable at point (1225, 38). Other element would receive the click: <div class=\"ng-tns-c62583721-11 toast-title ng-star-inserted\" aria-label=\"Success\" style=\"\">...</div>\n  (Session info: chrome=122.0.6261.69)\nBuild info: version: '4.10.0', revision: 'c14d967899'\nSystem info: os.name: 'Mac OS X', os.arch: 'aarch64', os.version: '14.2.1', java.version: '11.0.19'\nDriver info: org.openqa.selenium.chrome.ChromeDriver\nCommand: [d125e01609f82e36ccbd6de58a82b62f, clickElement {id=f.E4821C16DFF7DE741B1029F917301BD9.d.7FDFC59B0DEC344EC4B86272F5E60FA6.e.2884}]\nCapabilities {acceptInsecureCerts: false, browserName: chrome, browserVersion: 122.0.6261.69, chrome: {chromedriverVersion: 122.0.6261.94 (880dbf29479c..., userDataDir: /var/folders/ld/nvs4ylrn1dv...}, fedcm:accounts: true, goog:chromeOptions: {debuggerAddress: localhost:62232}, networkConnectionEnabled: false, pageLoadStrategy: normal, platformName: mac, proxy: Proxy(), se:cdp: ws://localhost:62232/devtoo..., se:cdpVersion: 122.0.6261.69, setWindowRect: true, strictFileInteractability: false, timeouts: {implicit: 0, pageLoad: 300000, script: 30000}, unhandledPromptBehavior: dismiss and notify, webauthn:extension:credBlob: true, webauthn:extension:largeBlob: true, webauthn:extension:minPinLength: true, webauthn:extension:prf: true, webauthn:virtualAuthenticators: true}\nElement: [[ChromeDriver: chrome on mac (d125e01609f82e36ccbd6de58a82b62f)] -> xpath: //img[@class='img-fluid ng-star-inserted']]\nSession ID: d125e01609f82e36ccbd6de58a82b62f","trace":"org.openqa.selenium.ElementClickInterceptedException: element click intercepted: Element <img _ngcontent-ng-c3825128054=\"\" class=\"img-fluid ng-star-inserted\" src=\"https://nuhs.skordev.com/static/img/profile_img.png\"> is not clickable at point (1225, 38). Other element would receive the click: <div class=\"ng-tns-c62583721-11 toast-title ng-star-inserted\" aria-label=\"Success\" style=\"\">...</div>\n  (Session info: chrome=122.0.6261.69)\nBuild info: version: '4.10.0', revision: 'c14d967899'\nSystem info: os.name: 'Mac OS X', os.arch: 'aarch64', os.version: '14.2.1', java.version: '11.0.19'\nDriver info: org.openqa.selenium.chrome.ChromeDriver\nCommand: [d125e01609f82e36ccbd6de58a82b62f, clickElement {id=f.E4821C16DFF7DE741B1029F917301BD9.d.7FDFC59B0DEC344EC4B86272F5E60FA6.e.2884}]\nCapabilities {acceptInsecureCerts: false, browserName: chrome, browserVersion: 122.0.6261.69, chrome: {chromedriverVersion: 122.0.6261.94 (880dbf29479c..., userDataDir: /var/folders/ld/nvs4ylrn1dv...}, fedcm:accounts: true, goog:chromeOptions: {debuggerAddress: localhost:62232}, networkConnectionEnabled: false, pageLoadStrategy: normal, platformName: mac, proxy: Proxy(), se:cdp: ws://localhost:62232/devtoo..., se:cdpVersion: 122.0.6261.69, setWindowRect: true, strictFileInteractability: false, timeouts: {implicit: 0, pageLoad: 300000, script: 30000}, unhandledPromptBehavior: dismiss and notify, webauthn:extension:credBlob: true, webauthn:extension:largeBlob: true, webauthn:extension:minPinLength: true, webauthn:extension:prf: true, webauthn:virtualAuthenticators: true}\nElement: [[ChromeDriver: chrome on mac (d125e01609f82e36ccbd6de58a82b62f)] -> xpath: //img[@class='img-fluid ng-star-inserted']]\nSession ID: d125e01609f82e36ccbd6de58a82b62f\n\tat java.base/jdk.internal.reflect.NativeConstructorAccessorImpl.newInstance0(Native Method)\n\tat java.base/jdk.internal.reflect.NativeConstructorAccessorImpl.newInstance(NativeConstructorAccessorImpl.java:62)\n\tat java.base/jdk.internal.reflect.DelegatingConstructorAccessorImpl.newInstance(DelegatingConstructorAccessorImpl.java:45)\n\tat java.base/java.lang.reflect.Constructor.newInstance(Constructor.java:490)\n\tat org.openqa.selenium.remote.codec.w3c.W3CHttpResponseCodec.createException(W3CHttpResponseCodec.java:199)\n\tat org.openqa.selenium.remote.codec.w3c.W3CHttpResponseCodec.decode(W3CHttpResponseCodec.java:132)\n\tat org.openqa.selenium.remote.codec.w3c.W3CHttpResponseCodec.decode(W3CHttpResponseCodec.java:51)\n\tat org.openqa.selenium.remote.HttpCommandExecutor.execute(HttpCommandExecutor.java:191)\n\tat org.openqa.selenium.remote.service.DriverCommandExecutor.invokeExecute(DriverCommandExecutor.java:196)\n\tat org.openqa.selenium.remote.service.DriverCommandExecutor.execute(DriverCommandExecutor.java:171)\n\tat org.openqa.selenium.remote.RemoteWebDriver.execute(RemoteWebDriver.java:531)\n\tat org.openqa.selenium.remote.RemoteWebElement.execute(RemoteWebElement.java:242)\n\tat org.openqa.selenium.remote.RemoteWebElement.click(RemoteWebElement.java:77)\n\tat steps.StepDefinitions.user_click_on_profile_tab(StepDefinitions.java:144)\n\tat ✽.user click on profile tab(file:///Users/139srk/eclipse-workspace/BSTLBDDCUCUMBERFRAMWORK/src/test/resources/features/regression/Rewardspage.feature:22)\n"},"stage":"finished","steps":[],"attachments":[],"parameters":[],"start":1709176522229,"stop":1709176526364},{"name":"And  user click on signout button","status":"skipped","statusDetails":{"known":false,"muted":false,"flaky":false},"stage":"finished","steps":[],"attachments":[],"parameters":[],"start":1709176526367,"stop":1709176526369}],"attachments":[],"parameters":[],"start":1709176487517,"stop":1709176526370}