{"uuid":"0b898c48-4777-4429-a043-ae6d2902e6fd","historyId":"b9cc1b87289e647ec25bf2c1f8abb75c","fullName":"src/test/resources/features/sanity/Rewardcart.feature:3","labels":[{"name":"host","value":"Revanths-MacBook-Air.local"},{"name":"thread","value":"1361@Revanths-MacBook-Air.local.main(1)"},{"name":"feature","value":"To validaty reward cart functionality"},{"name":"story","value":"To validate reward add to cart and redemption"},{"name":"suite","value":"To validaty reward cart functionality"},{"name":"testClass","value":"To validate reward add to cart and redemption"},{"name":"framework","value":"cucumber4jvm"},{"name":"language","value":"java"},{"name":"gherkin_uri","value":"file:///Users/139srk/eclipse-workspace/BSTLPWA/src/test/resources/features/sanity/Rewardcart.feature"},{"name":"package","value":"src.test.resources.features.sanity.Rewardcart_feature.To validaty reward cart functionality"}],"links":[],"name":"To validate reward add to cart and redemption","status":"broken","statusDetails":{"known":false,"muted":false,"flaky":false,"message":"element click intercepted: Element <img _ngcontent-ng-c3825128054=\"\" class=\"img-fluid ng-star-inserted\" src=\"https://nuhs.skordev.com/static/img/profile_img.png\"> is not clickable at point (1225, 38). Other element would receive the click: <div class=\"cdk-overlay-backdrop cdk-overlay-dark-backdrop cdk-overlay-backdrop-showing\"></div>\n  (Session info: chrome=122.0.6261.129)\nBuild info: version: '4.10.0', revision: 'c14d967899'\nSystem info: os.name: 'Mac OS X', os.arch: 'aarch64', os.version: '14.2.1', java.version: '11.0.19'\nDriver info: org.openqa.selenium.chrome.ChromeDriver\nCommand: [b6defa2eac2d7dcc445351e0b7b1a0f4, clickElement {id=f.88B9B8D20987534B98DAF5372B81F707.d.C0365B1B745CC9752ECFB2F8DC16AC9E.e.2135}]\nCapabilities {acceptInsecureCerts: false, browserName: chrome, browserVersion: 122.0.6261.129, chrome: {chromedriverVersion: 122.0.6261.128 (f18a44fedeb..., userDataDir: /var/folders/ld/nvs4ylrn1dv...}, fedcm:accounts: true, goog:chromeOptions: {debuggerAddress: localhost:54989}, networkConnectionEnabled: false, pageLoadStrategy: normal, platformName: mac, proxy: Proxy(), se:cdp: ws://localhost:54989/devtoo..., se:cdpVersion: 122.0.6261.129, setWindowRect: true, strictFileInteractability: false, timeouts: {implicit: 0, pageLoad: 300000, script: 30000}, unhandledPromptBehavior: dismiss and notify, webauthn:extension:credBlob: true, webauthn:extension:largeBlob: true, webauthn:extension:minPinLength: true, webauthn:extension:prf: true, webauthn:virtualAuthenticators: true}\nElement: [[ChromeDriver: chrome on mac (b6defa2eac2d7dcc445351e0b7b1a0f4)] -> xpath: //img[@class='img-fluid ng-star-inserted']]\nSession ID: b6defa2eac2d7dcc445351e0b7b1a0f4","trace":"org.openqa.selenium.ElementClickInterceptedException: element click intercepted: Element <img _ngcontent-ng-c3825128054=\"\" class=\"img-fluid ng-star-inserted\" src=\"https://nuhs.skordev.com/static/img/profile_img.png\"> is not clickable at point (1225, 38). Other element would receive the click: <div class=\"cdk-overlay-backdrop cdk-overlay-dark-backdrop cdk-overlay-backdrop-showing\"></div>\n  (Session info: chrome=122.0.6261.129)\nBuild info: version: '4.10.0', revision: 'c14d967899'\nSystem info: os.name: 'Mac OS X', os.arch: 'aarch64', os.version: '14.2.1', java.version: '11.0.19'\nDriver info: org.openqa.selenium.chrome.ChromeDriver\nCommand: [b6defa2eac2d7dcc445351e0b7b1a0f4, clickElement {id=f.88B9B8D20987534B98DAF5372B81F707.d.C0365B1B745CC9752ECFB2F8DC16AC9E.e.2135}]\nCapabilities {acceptInsecureCerts: false, browserName: chrome, browserVersion: 122.0.6261.129, chrome: {chromedriverVersion: 122.0.6261.128 (f18a44fedeb..., userDataDir: /var/folders/ld/nvs4ylrn1dv...}, fedcm:accounts: true, goog:chromeOptions: {debuggerAddress: localhost:54989}, networkConnectionEnabled: false, pageLoadStrategy: normal, platformName: mac, proxy: Proxy(), se:cdp: ws://localhost:54989/devtoo..., se:cdpVersion: 122.0.6261.129, setWindowRect: true, strictFileInteractability: false, timeouts: {implicit: 0, pageLoad: 300000, script: 30000}, unhandledPromptBehavior: dismiss and notify, webauthn:extension:credBlob: true, webauthn:extension:largeBlob: true, webauthn:extension:minPinLength: true, webauthn:extension:prf: true, webauthn:virtualAuthenticators: true}\nElement: [[ChromeDriver: chrome on mac (b6defa2eac2d7dcc445351e0b7b1a0f4)] -> xpath: //img[@class='img-fluid ng-star-inserted']]\nSession ID: b6defa2eac2d7dcc445351e0b7b1a0f4\n\tat java.base/jdk.internal.reflect.NativeConstructorAccessorImpl.newInstance0(Native Method)\n\tat java.base/jdk.internal.reflect.NativeConstructorAccessorImpl.newInstance(NativeConstructorAccessorImpl.java:62)\n\tat java.base/jdk.internal.reflect.DelegatingConstructorAccessorImpl.newInstance(DelegatingConstructorAccessorImpl.java:45)\n\tat java.base/java.lang.reflect.Constructor.newInstance(Constructor.java:490)\n\tat org.openqa.selenium.remote.codec.w3c.W3CHttpResponseCodec.createException(W3CHttpResponseCodec.java:199)\n\tat org.openqa.selenium.remote.codec.w3c.W3CHttpResponseCodec.decode(W3CHttpResponseCodec.java:132)\n\tat org.openqa.selenium.remote.codec.w3c.W3CHttpResponseCodec.decode(W3CHttpResponseCodec.java:51)\n\tat org.openqa.selenium.remote.HttpCommandExecutor.execute(HttpCommandExecutor.java:191)\n\tat org.openqa.selenium.remote.service.DriverCommandExecutor.invokeExecute(DriverCommandExecutor.java:196)\n\tat org.openqa.selenium.remote.service.DriverCommandExecutor.execute(DriverCommandExecutor.java:171)\n\tat org.openqa.selenium.remote.RemoteWebDriver.execute(RemoteWebDriver.java:531)\n\tat org.openqa.selenium.remote.RemoteWebElement.execute(RemoteWebElement.java:242)\n\tat org.openqa.selenium.remote.RemoteWebElement.click(RemoteWebElement.java:77)\n\tat steps.StepDefinitions.user_click_on_profile_tab(StepDefinitions.java:148)\n\tat ✽.user click on profile tab(file:///Users/139srk/eclipse-workspace/BSTLPWA/src/test/resources/features/sanity/Rewardcart.feature:18)\n"},"stage":"finished","steps":[{"name":"Given  user starts \"chrome\" browser","status":"passed","statusDetails":{"known":false,"muted":false,"flaky":false},"stage":"finished","steps":[],"attachments":[],"parameters":[],"start":1710480332951,"stop":1710480333559},{"name":"And  user launch PWA using URL \"https://bstl-pwa.skordev.com/#/login\"","status":"passed","statusDetails":{"known":false,"muted":false,"flaky":false},"stage":"finished","steps":[],"attachments":[],"parameters":[],"start":1710480333559,"stop":1710480343333},{"name":"And  user click on langauge change icon","status":"passed","statusDetails":{"known":false,"muted":false,"flaky":false},"stage":"finished","steps":[],"attachments":[],"parameters":[],"start":1710480343334,"stop":1710480343365},{"name":"And  user change the language Thai to English","status":"passed","statusDetails":{"known":false,"muted":false,"flaky":false},"stage":"finished","steps":[],"attachments":[],"parameters":[],"start":1710480343365,"stop":1710480346573},{"name":"When  user enter the  username  \"norm@bstl.com\"","status":"passed","statusDetails":{"known":false,"muted":false,"flaky":false},"stage":"finished","steps":[],"attachments":[],"parameters":[],"start":1710480346574,"stop":1710480346649},{"name":"When  user enter the  password \"pass\"","status":"passed","statusDetails":{"known":false,"muted":false,"flaky":false},"stage":"finished","steps":[],"attachments":[],"parameters":[],"start":1710480346649,"stop":1710480346674},{"name":"And  user click on terms & conditions check box","status":"passed","statusDetails":{"known":false,"muted":false,"flaky":false},"stage":"finished","steps":[],"attachments":[],"parameters":[],"start":1710480346674,"stop":1710480346698},{"name":"And  user click on login button","status":"passed","statusDetails":{"known":false,"muted":false,"flaky":false},"stage":"finished","steps":[],"attachments":[],"parameters":[],"start":1710480346699,"stop":1710480350230},{"name":"When  user select the reward on home page","status":"passed","statusDetails":{"known":false,"muted":false,"flaky":false},"stage":"finished","steps":[],"attachments":[],"parameters":[],"start":1710480350232,"stop":1710480358605},{"name":"And  user click on add to cart button","status":"passed","statusDetails":{"known":false,"muted":false,"flaky":false},"stage":"finished","steps":[],"attachments":[],"parameters":[],"start":1710480358606,"stop":1710480361641},{"name":"And  user click on view cart button","status":"passed","statusDetails":{"known":false,"muted":false,"flaky":false},"stage":"finished","steps":[],"attachments":[],"parameters":[],"start":1710480361641,"stop":1710480364710},{"name":"And  user click on checkout button","status":"passed","statusDetails":{"known":false,"muted":false,"flaky":false},"stage":"finished","steps":[],"attachments":[],"parameters":[],"start":1710480364711,"stop":1710480370776},{"name":"And  user click on place your order button","status":"passed","statusDetails":{"known":false,"muted":false,"flaky":false},"stage":"finished","steps":[],"attachments":[],"parameters":[],"start":1710480370776,"stop":1710480376827},{"name":"And  user click on view your order button","status":"passed","statusDetails":{"known":false,"muted":false,"flaky":false},"stage":"finished","steps":[],"attachments":[],"parameters":[],"start":1710480376828,"stop":1710480392500},{"name":"And  user click on profile tab","status":"broken","statusDetails":{"known":false,"muted":false,"flaky":false,"message":"element click intercepted: Element <img _ngcontent-ng-c3825128054=\"\" class=\"img-fluid ng-star-inserted\" src=\"https://nuhs.skordev.com/static/img/profile_img.png\"> is not clickable at point (1225, 38). Other element would receive the click: <div class=\"cdk-overlay-backdrop cdk-overlay-dark-backdrop cdk-overlay-backdrop-showing\"></div>\n  (Session info: chrome=122.0.6261.129)\nBuild info: version: '4.10.0', revision: 'c14d967899'\nSystem info: os.name: 'Mac OS X', os.arch: 'aarch64', os.version: '14.2.1', java.version: '11.0.19'\nDriver info: org.openqa.selenium.chrome.ChromeDriver\nCommand: [b6defa2eac2d7dcc445351e0b7b1a0f4, clickElement {id=f.88B9B8D20987534B98DAF5372B81F707.d.C0365B1B745CC9752ECFB2F8DC16AC9E.e.2135}]\nCapabilities {acceptInsecureCerts: false, browserName: chrome, browserVersion: 122.0.6261.129, chrome: {chromedriverVersion: 122.0.6261.128 (f18a44fedeb..., userDataDir: /var/folders/ld/nvs4ylrn1dv...}, fedcm:accounts: true, goog:chromeOptions: {debuggerAddress: localhost:54989}, networkConnectionEnabled: false, pageLoadStrategy: normal, platformName: mac, proxy: Proxy(), se:cdp: ws://localhost:54989/devtoo..., se:cdpVersion: 122.0.6261.129, setWindowRect: true, strictFileInteractability: false, timeouts: {implicit: 0, pageLoad: 300000, script: 30000}, unhandledPromptBehavior: dismiss and notify, webauthn:extension:credBlob: true, webauthn:extension:largeBlob: true, webauthn:extension:minPinLength: true, webauthn:extension:prf: true, webauthn:virtualAuthenticators: true}\nElement: [[ChromeDriver: chrome on mac (b6defa2eac2d7dcc445351e0b7b1a0f4)] -> xpath: //img[@class='img-fluid ng-star-inserted']]\nSession ID: b6defa2eac2d7dcc445351e0b7b1a0f4","trace":"org.openqa.selenium.ElementClickInterceptedException: element click intercepted: Element <img _ngcontent-ng-c3825128054=\"\" class=\"img-fluid ng-star-inserted\" src=\"https://nuhs.skordev.com/static/img/profile_img.png\"> is not clickable at point (1225, 38). Other element would receive the click: <div class=\"cdk-overlay-backdrop cdk-overlay-dark-backdrop cdk-overlay-backdrop-showing\"></div>\n  (Session info: chrome=122.0.6261.129)\nBuild info: version: '4.10.0', revision: 'c14d967899'\nSystem info: os.name: 'Mac OS X', os.arch: 'aarch64', os.version: '14.2.1', java.version: '11.0.19'\nDriver info: org.openqa.selenium.chrome.ChromeDriver\nCommand: [b6defa2eac2d7dcc445351e0b7b1a0f4, clickElement {id=f.88B9B8D20987534B98DAF5372B81F707.d.C0365B1B745CC9752ECFB2F8DC16AC9E.e.2135}]\nCapabilities {acceptInsecureCerts: false, browserName: chrome, browserVersion: 122.0.6261.129, chrome: {chromedriverVersion: 122.0.6261.128 (f18a44fedeb..., userDataDir: /var/folders/ld/nvs4ylrn1dv...}, fedcm:accounts: true, goog:chromeOptions: {debuggerAddress: localhost:54989}, networkConnectionEnabled: false, pageLoadStrategy: normal, platformName: mac, proxy: Proxy(), se:cdp: ws://localhost:54989/devtoo..., se:cdpVersion: 122.0.6261.129, setWindowRect: true, strictFileInteractability: false, timeouts: {implicit: 0, pageLoad: 300000, script: 30000}, unhandledPromptBehavior: dismiss and notify, webauthn:extension:credBlob: true, webauthn:extension:largeBlob: true, webauthn:extension:minPinLength: true, webauthn:extension:prf: true, webauthn:virtualAuthenticators: true}\nElement: [[ChromeDriver: chrome on mac (b6defa2eac2d7dcc445351e0b7b1a0f4)] -> xpath: //img[@class='img-fluid ng-star-inserted']]\nSession ID: b6defa2eac2d7dcc445351e0b7b1a0f4\n\tat java.base/jdk.internal.reflect.NativeConstructorAccessorImpl.newInstance0(Native Method)\n\tat java.base/jdk.internal.reflect.NativeConstructorAccessorImpl.newInstance(NativeConstructorAccessorImpl.java:62)\n\tat java.base/jdk.internal.reflect.DelegatingConstructorAccessorImpl.newInstance(DelegatingConstructorAccessorImpl.java:45)\n\tat java.base/java.lang.reflect.Constructor.newInstance(Constructor.java:490)\n\tat org.openqa.selenium.remote.codec.w3c.W3CHttpResponseCodec.createException(W3CHttpResponseCodec.java:199)\n\tat org.openqa.selenium.remote.codec.w3c.W3CHttpResponseCodec.decode(W3CHttpResponseCodec.java:132)\n\tat org.openqa.selenium.remote.codec.w3c.W3CHttpResponseCodec.decode(W3CHttpResponseCodec.java:51)\n\tat org.openqa.selenium.remote.HttpCommandExecutor.execute(HttpCommandExecutor.java:191)\n\tat org.openqa.selenium.remote.service.DriverCommandExecutor.invokeExecute(DriverCommandExecutor.java:196)\n\tat org.openqa.selenium.remote.service.DriverCommandExecutor.execute(DriverCommandExecutor.java:171)\n\tat org.openqa.selenium.remote.RemoteWebDriver.execute(RemoteWebDriver.java:531)\n\tat org.openqa.selenium.remote.RemoteWebElement.execute(RemoteWebElement.java:242)\n\tat org.openqa.selenium.remote.RemoteWebElement.click(RemoteWebElement.java:77)\n\tat steps.StepDefinitions.user_click_on_profile_tab(StepDefinitions.java:148)\n\tat ✽.user click on profile tab(file:///Users/139srk/eclipse-workspace/BSTLPWA/src/test/resources/features/sanity/Rewardcart.feature:18)\n"},"stage":"finished","steps":[],"attachments":[],"parameters":[],"start":1710480392501,"stop":1710480396580},{"name":"And  user click on signout button","status":"skipped","statusDetails":{"known":false,"muted":false,"flaky":false},"stage":"finished","steps":[],"attachments":[],"parameters":[],"start":1710480396583,"stop":1710480396585}],"attachments":[],"parameters":[],"start":1710480332950,"stop":1710480396586}