{"uuid":"43acc0a4-5cd1-452f-8a4f-ef074d89c8d4","historyId":"b9cc1b87289e647ec25bf2c1f8abb75c","fullName":"src/test/resources/features/sanity/Rewardcart.feature:3","labels":[{"name":"host","value":"Revanths-MacBook-Air.local"},{"name":"thread","value":"2591@Revanths-MacBook-Air.local.main(1)"},{"name":"feature","value":"To validaty reward cart functionality"},{"name":"story","value":"To validate reward add to cart and redemption"},{"name":"suite","value":"To validaty reward cart functionality"},{"name":"testClass","value":"To validate reward add to cart and redemption"},{"name":"framework","value":"cucumber4jvm"},{"name":"language","value":"java"},{"name":"gherkin_uri","value":"file:///Users/139srk/eclipse-workspace/BSTLPWA/src/test/resources/features/sanity/Rewardcart.feature"},{"name":"package","value":"src.test.resources.features.sanity.Rewardcart_feature.To validaty reward cart functionality"}],"links":[],"name":"To validate reward add to cart and redemption","status":"broken","statusDetails":{"known":false,"muted":false,"flaky":false,"message":"element click intercepted: Element <h5 _ngcontent-ng-c765040841=\"\" class=\"text--name\">...</h5> is not clickable at point (875, 679). Other element would receive the click: <div class=\"cdk-overlay-backdrop cdk-overlay-dark-backdrop cdk-overlay-backdrop-showing\"></div>\n  (Session info: chrome=122.0.6261.112)\nBuild info: version: '4.10.0', revision: 'c14d967899'\nSystem info: os.name: 'Mac OS X', os.arch: 'aarch64', os.version: '14.2.1', java.version: '11.0.19'\nDriver info: org.openqa.selenium.chrome.ChromeDriver\nCommand: [f3a44edf6d28c94106e2514bd6f63590, clickElement {id=f.CEA071D0B888FD15BFDF782CB7D9529B.d.87D24C7E8A36546FD00614567B133587.e.829}]\nCapabilities {acceptInsecureCerts: false, browserName: chrome, browserVersion: 122.0.6261.112, chrome: {chromedriverVersion: 122.0.6261.111 (9d4c1072da6..., userDataDir: /var/folders/ld/nvs4ylrn1dv...}, fedcm:accounts: true, goog:chromeOptions: {debuggerAddress: localhost:50816}, networkConnectionEnabled: false, pageLoadStrategy: normal, platformName: mac, proxy: Proxy(), se:cdp: ws://localhost:50816/devtoo..., se:cdpVersion: 122.0.6261.112, setWindowRect: true, strictFileInteractability: false, timeouts: {implicit: 0, pageLoad: 300000, script: 30000}, unhandledPromptBehavior: dismiss and notify, webauthn:extension:credBlob: true, webauthn:extension:largeBlob: true, webauthn:extension:minPinLength: true, webauthn:extension:prf: true, webauthn:virtualAuthenticators: true}\nElement: [[ChromeDriver: chrome on mac (f3a44edf6d28c94106e2514bd6f63590)] -> xpath: //h5[text( )=' Demo24 ']]\nSession ID: f3a44edf6d28c94106e2514bd6f63590","trace":"org.openqa.selenium.ElementClickInterceptedException: element click intercepted: Element <h5 _ngcontent-ng-c765040841=\"\" class=\"text--name\">...</h5> is not clickable at point (875, 679). Other element would receive the click: <div class=\"cdk-overlay-backdrop cdk-overlay-dark-backdrop cdk-overlay-backdrop-showing\"></div>\n  (Session info: chrome=122.0.6261.112)\nBuild info: version: '4.10.0', revision: 'c14d967899'\nSystem info: os.name: 'Mac OS X', os.arch: 'aarch64', os.version: '14.2.1', java.version: '11.0.19'\nDriver info: org.openqa.selenium.chrome.ChromeDriver\nCommand: [f3a44edf6d28c94106e2514bd6f63590, clickElement {id=f.CEA071D0B888FD15BFDF782CB7D9529B.d.87D24C7E8A36546FD00614567B133587.e.829}]\nCapabilities {acceptInsecureCerts: false, browserName: chrome, browserVersion: 122.0.6261.112, chrome: {chromedriverVersion: 122.0.6261.111 (9d4c1072da6..., userDataDir: /var/folders/ld/nvs4ylrn1dv...}, fedcm:accounts: true, goog:chromeOptions: {debuggerAddress: localhost:50816}, networkConnectionEnabled: false, pageLoadStrategy: normal, platformName: mac, proxy: Proxy(), se:cdp: ws://localhost:50816/devtoo..., se:cdpVersion: 122.0.6261.112, setWindowRect: true, strictFileInteractability: false, timeouts: {implicit: 0, pageLoad: 300000, script: 30000}, unhandledPromptBehavior: dismiss and notify, webauthn:extension:credBlob: true, webauthn:extension:largeBlob: true, webauthn:extension:minPinLength: true, webauthn:extension:prf: true, webauthn:virtualAuthenticators: true}\nElement: [[ChromeDriver: chrome on mac (f3a44edf6d28c94106e2514bd6f63590)] -> xpath: //h5[text( )=' Demo24 ']]\nSession ID: f3a44edf6d28c94106e2514bd6f63590\n\tat java.base/jdk.internal.reflect.NativeConstructorAccessorImpl.newInstance0(Native Method)\n\tat java.base/jdk.internal.reflect.NativeConstructorAccessorImpl.newInstance(NativeConstructorAccessorImpl.java:62)\n\tat java.base/jdk.internal.reflect.DelegatingConstructorAccessorImpl.newInstance(DelegatingConstructorAccessorImpl.java:45)\n\tat java.base/java.lang.reflect.Constructor.newInstance(Constructor.java:490)\n\tat org.openqa.selenium.remote.codec.w3c.W3CHttpResponseCodec.createException(W3CHttpResponseCodec.java:199)\n\tat org.openqa.selenium.remote.codec.w3c.W3CHttpResponseCodec.decode(W3CHttpResponseCodec.java:132)\n\tat org.openqa.selenium.remote.codec.w3c.W3CHttpResponseCodec.decode(W3CHttpResponseCodec.java:51)\n\tat org.openqa.selenium.remote.HttpCommandExecutor.execute(HttpCommandExecutor.java:191)\n\tat org.openqa.selenium.remote.service.DriverCommandExecutor.invokeExecute(DriverCommandExecutor.java:196)\n\tat org.openqa.selenium.remote.service.DriverCommandExecutor.execute(DriverCommandExecutor.java:171)\n\tat org.openqa.selenium.remote.RemoteWebDriver.execute(RemoteWebDriver.java:531)\n\tat org.openqa.selenium.remote.RemoteWebElement.execute(RemoteWebElement.java:242)\n\tat org.openqa.selenium.remote.RemoteWebElement.click(RemoteWebElement.java:77)\n\tat steps.StepDefinitions.user_select_the_reward_on_home_page(StepDefinitions.java:162)\n\tat ✽.user select the reward on home page(file:///Users/139srk/eclipse-workspace/BSTLPWA/src/test/resources/features/sanity/Rewardcart.feature:12)\n"},"stage":"finished","steps":[{"name":"Given  user starts \"chrome\" browser","status":"passed","statusDetails":{"known":false,"muted":false,"flaky":false},"stage":"finished","steps":[],"attachments":[],"parameters":[],"start":1710245213602,"stop":1710245214225},{"name":"And  user launch PWA using URL \"https://bstl-pwa.skordev.com/#/login\"","status":"passed","statusDetails":{"known":false,"muted":false,"flaky":false},"stage":"finished","steps":[],"attachments":[],"parameters":[],"start":1710245214227,"stop":1710245217478},{"name":"And  user click on langauge change icon","status":"passed","statusDetails":{"known":false,"muted":false,"flaky":false},"stage":"finished","steps":[],"attachments":[],"parameters":[],"start":1710245217478,"stop":1710245217512},{"name":"And  user change the language Thai to English","status":"passed","statusDetails":{"known":false,"muted":false,"flaky":false},"stage":"finished","steps":[],"attachments":[],"parameters":[],"start":1710245217513,"stop":1710245220732},{"name":"When  user enter the  username  \"norm@bstl.com\"","status":"passed","statusDetails":{"known":false,"muted":false,"flaky":false},"stage":"finished","steps":[],"attachments":[],"parameters":[],"start":1710245220732,"stop":1710245220800},{"name":"When  user enter the  password \"pass\"","status":"passed","statusDetails":{"known":false,"muted":false,"flaky":false},"stage":"finished","steps":[],"attachments":[],"parameters":[],"start":1710245220800,"stop":1710245220829},{"name":"And  user click on terms & conditions check box","status":"passed","statusDetails":{"known":false,"muted":false,"flaky":false},"stage":"finished","steps":[],"attachments":[],"parameters":[],"start":1710245220829,"stop":1710245220855},{"name":"And  user click on login button","status":"passed","statusDetails":{"known":false,"muted":false,"flaky":false},"stage":"finished","steps":[],"attachments":[],"parameters":[],"start":1710245220858,"stop":1710245224393},{"name":"When  user select the reward on home page","status":"broken","statusDetails":{"known":false,"muted":false,"flaky":false,"message":"element click intercepted: Element <h5 _ngcontent-ng-c765040841=\"\" class=\"text--name\">...</h5> is not clickable at point (875, 679). Other element would receive the click: <div class=\"cdk-overlay-backdrop cdk-overlay-dark-backdrop cdk-overlay-backdrop-showing\"></div>\n  (Session info: chrome=122.0.6261.112)\nBuild info: version: '4.10.0', revision: 'c14d967899'\nSystem info: os.name: 'Mac OS X', os.arch: 'aarch64', os.version: '14.2.1', java.version: '11.0.19'\nDriver info: org.openqa.selenium.chrome.ChromeDriver\nCommand: [f3a44edf6d28c94106e2514bd6f63590, clickElement {id=f.CEA071D0B888FD15BFDF782CB7D9529B.d.87D24C7E8A36546FD00614567B133587.e.829}]\nCapabilities {acceptInsecureCerts: false, browserName: chrome, browserVersion: 122.0.6261.112, chrome: {chromedriverVersion: 122.0.6261.111 (9d4c1072da6..., userDataDir: /var/folders/ld/nvs4ylrn1dv...}, fedcm:accounts: true, goog:chromeOptions: {debuggerAddress: localhost:50816}, networkConnectionEnabled: false, pageLoadStrategy: normal, platformName: mac, proxy: Proxy(), se:cdp: ws://localhost:50816/devtoo..., se:cdpVersion: 122.0.6261.112, setWindowRect: true, strictFileInteractability: false, timeouts: {implicit: 0, pageLoad: 300000, script: 30000}, unhandledPromptBehavior: dismiss and notify, webauthn:extension:credBlob: true, webauthn:extension:largeBlob: true, webauthn:extension:minPinLength: true, webauthn:extension:prf: true, webauthn:virtualAuthenticators: true}\nElement: [[ChromeDriver: chrome on mac (f3a44edf6d28c94106e2514bd6f63590)] -> xpath: //h5[text( )=' Demo24 ']]\nSession ID: f3a44edf6d28c94106e2514bd6f63590","trace":"org.openqa.selenium.ElementClickInterceptedException: element click intercepted: Element <h5 _ngcontent-ng-c765040841=\"\" class=\"text--name\">...</h5> is not clickable at point (875, 679). Other element would receive the click: <div class=\"cdk-overlay-backdrop cdk-overlay-dark-backdrop cdk-overlay-backdrop-showing\"></div>\n  (Session info: chrome=122.0.6261.112)\nBuild info: version: '4.10.0', revision: 'c14d967899'\nSystem info: os.name: 'Mac OS X', os.arch: 'aarch64', os.version: '14.2.1', java.version: '11.0.19'\nDriver info: org.openqa.selenium.chrome.ChromeDriver\nCommand: [f3a44edf6d28c94106e2514bd6f63590, clickElement {id=f.CEA071D0B888FD15BFDF782CB7D9529B.d.87D24C7E8A36546FD00614567B133587.e.829}]\nCapabilities {acceptInsecureCerts: false, browserName: chrome, browserVersion: 122.0.6261.112, chrome: {chromedriverVersion: 122.0.6261.111 (9d4c1072da6..., userDataDir: /var/folders/ld/nvs4ylrn1dv...}, fedcm:accounts: true, goog:chromeOptions: {debuggerAddress: localhost:50816}, networkConnectionEnabled: false, pageLoadStrategy: normal, platformName: mac, proxy: Proxy(), se:cdp: ws://localhost:50816/devtoo..., se:cdpVersion: 122.0.6261.112, setWindowRect: true, strictFileInteractability: false, timeouts: {implicit: 0, pageLoad: 300000, script: 30000}, unhandledPromptBehavior: dismiss and notify, webauthn:extension:credBlob: true, webauthn:extension:largeBlob: true, webauthn:extension:minPinLength: true, webauthn:extension:prf: true, webauthn:virtualAuthenticators: true}\nElement: [[ChromeDriver: chrome on mac (f3a44edf6d28c94106e2514bd6f63590)] -> xpath: //h5[text( )=' Demo24 ']]\nSession ID: f3a44edf6d28c94106e2514bd6f63590\n\tat java.base/jdk.internal.reflect.NativeConstructorAccessorImpl.newInstance0(Native Method)\n\tat java.base/jdk.internal.reflect.NativeConstructorAccessorImpl.newInstance(NativeConstructorAccessorImpl.java:62)\n\tat java.base/jdk.internal.reflect.DelegatingConstructorAccessorImpl.newInstance(DelegatingConstructorAccessorImpl.java:45)\n\tat java.base/java.lang.reflect.Constructor.newInstance(Constructor.java:490)\n\tat org.openqa.selenium.remote.codec.w3c.W3CHttpResponseCodec.createException(W3CHttpResponseCodec.java:199)\n\tat org.openqa.selenium.remote.codec.w3c.W3CHttpResponseCodec.decode(W3CHttpResponseCodec.java:132)\n\tat org.openqa.selenium.remote.codec.w3c.W3CHttpResponseCodec.decode(W3CHttpResponseCodec.java:51)\n\tat org.openqa.selenium.remote.HttpCommandExecutor.execute(HttpCommandExecutor.java:191)\n\tat org.openqa.selenium.remote.service.DriverCommandExecutor.invokeExecute(DriverCommandExecutor.java:196)\n\tat org.openqa.selenium.remote.service.DriverCommandExecutor.execute(DriverCommandExecutor.java:171)\n\tat org.openqa.selenium.remote.RemoteWebDriver.execute(RemoteWebDriver.java:531)\n\tat org.openqa.selenium.remote.RemoteWebElement.execute(RemoteWebElement.java:242)\n\tat org.openqa.selenium.remote.RemoteWebElement.click(RemoteWebElement.java:77)\n\tat steps.StepDefinitions.user_select_the_reward_on_home_page(StepDefinitions.java:162)\n\tat ✽.user select the reward on home page(file:///Users/139srk/eclipse-workspace/BSTLPWA/src/test/resources/features/sanity/Rewardcart.feature:12)\n"},"stage":"finished","steps":[],"attachments":[],"parameters":[],"start":1710245224393,"stop":1710245228447},{"name":"And  user click on add to cart button","status":"skipped","statusDetails":{"known":false,"muted":false,"flaky":false},"stage":"finished","steps":[],"attachments":[],"parameters":[],"start":1710245228448,"stop":1710245228450},{"name":"And  user click on view cart button","status":"skipped","statusDetails":{"known":false,"muted":false,"flaky":false},"stage":"finished","steps":[],"attachments":[],"parameters":[],"start":1710245228450,"stop":1710245228451},{"name":"And  user click on checkout button","status":"skipped","statusDetails":{"known":false,"muted":false,"flaky":false},"stage":"finished","steps":[],"attachments":[],"parameters":[],"start":1710245228451,"stop":1710245228451},{"name":"And  user click on place your order button","status":"skipped","statusDetails":{"known":false,"muted":false,"flaky":false},"stage":"finished","steps":[],"attachments":[],"parameters":[],"start":1710245228452,"stop":1710245228452},{"name":"And  user click on view your order button","status":"skipped","statusDetails":{"known":false,"muted":false,"flaky":false},"stage":"finished","steps":[],"attachments":[],"parameters":[],"start":1710245228452,"stop":1710245228452},{"name":"And  user click on profile tab","status":"skipped","statusDetails":{"known":false,"muted":false,"flaky":false},"stage":"finished","steps":[],"attachments":[],"parameters":[],"start":1710245228452,"stop":1710245228453},{"name":"And  user click on signout button","status":"skipped","statusDetails":{"known":false,"muted":false,"flaky":false},"stage":"finished","steps":[],"attachments":[],"parameters":[],"start":1710245228453,"stop":1710245228453}],"attachments":[],"parameters":[],"start":1710245213601,"stop":1710245228454}