{"uuid":"74069c2b-a91c-43a2-b5d0-8ffbb64d52f1","historyId":"52e86d15c84e8d95127d5c341691c365","fullName":"src/test/resources/features/sanity/Rewardspage.feature:3","labels":[{"name":"host","value":"Revanths-MacBook-Air.local"},{"name":"thread","value":"3804@Revanths-MacBook-Air.local.main(1)"},{"name":"feature","value":"To validaty reward redemption of BSTL PWA"},{"name":"story","value":"To validate e-voucher reward redemption"},{"name":"suite","value":"To validaty reward redemption of BSTL PWA"},{"name":"testClass","value":"To validate e-voucher reward redemption"},{"name":"framework","value":"cucumber4jvm"},{"name":"language","value":"java"},{"name":"gherkin_uri","value":"file:///Users/139srk/eclipse-workspace/BSTLBDDCUCUMBERFRAMWORK/src/test/resources/features/sanity/Rewardspage.feature"},{"name":"package","value":"src.test.resources.features.sanity.Rewardspage_feature.To validaty reward redemption of BSTL PWA"}],"links":[],"name":"To validate e-voucher reward redemption","status":"broken","statusDetails":{"known":false,"muted":false,"flaky":false,"message":"element click intercepted: Element <span _ngcontent-ng-c1088699339=\"\" ng-reflect-ng-class=\"font-unselected\" class=\"font-unselected\">...</span> is not clickable at point (629, 41). Other element would receive the click: <div _ngcontent-ng-c1088699339=\"\" class=\"d-flex flex-row align-items-center side--menu-item selected ng-star-inserted\" tabindex=\"0\" ng-reflect-ng-class=\"selected\" ng-reflect-router-link=\"/home\">...</div>\n  (Session info: chrome=122.0.6261.69)\nBuild info: version: '4.10.0', revision: 'c14d967899'\nSystem info: os.name: 'Mac OS X', os.arch: 'aarch64', os.version: '14.2.1', java.version: '11.0.19'\nDriver info: org.openqa.selenium.chrome.ChromeDriver\nCommand: [7f53ae278837914d44fbc1a8385efcce, clickElement {id=f.6C03CF6ADFF7287DED64CF2AEC10087F.d.700D3446E8650403E1EBFD34112F068D.e.382}]\nCapabilities {acceptInsecureCerts: false, browserName: chrome, browserVersion: 122.0.6261.69, chrome: {chromedriverVersion: 122.0.6261.94 (880dbf29479c..., userDataDir: /var/folders/ld/nvs4ylrn1dv...}, fedcm:accounts: true, goog:chromeOptions: {debuggerAddress: localhost:63591}, networkConnectionEnabled: false, pageLoadStrategy: normal, platformName: mac, proxy: Proxy(), se:cdp: ws://localhost:63591/devtoo..., se:cdpVersion: 122.0.6261.69, setWindowRect: true, strictFileInteractability: false, timeouts: {implicit: 0, pageLoad: 300000, script: 30000}, unhandledPromptBehavior: dismiss and notify, webauthn:extension:credBlob: true, webauthn:extension:largeBlob: true, webauthn:extension:minPinLength: true, webauthn:extension:prf: true, webauthn:virtualAuthenticators: true}\nElement: [[ChromeDriver: chrome on mac (7f53ae278837914d44fbc1a8385efcce)] -> xpath: //span[contains(text(),'Rewards')]]\nSession ID: 7f53ae278837914d44fbc1a8385efcce","trace":"org.openqa.selenium.ElementClickInterceptedException: element click intercepted: Element <span _ngcontent-ng-c1088699339=\"\" ng-reflect-ng-class=\"font-unselected\" class=\"font-unselected\">...</span> is not clickable at point (629, 41). Other element would receive the click: <div _ngcontent-ng-c1088699339=\"\" class=\"d-flex flex-row align-items-center side--menu-item selected ng-star-inserted\" tabindex=\"0\" ng-reflect-ng-class=\"selected\" ng-reflect-router-link=\"/home\">...</div>\n  (Session info: chrome=122.0.6261.69)\nBuild info: version: '4.10.0', revision: 'c14d967899'\nSystem info: os.name: 'Mac OS X', os.arch: 'aarch64', os.version: '14.2.1', java.version: '11.0.19'\nDriver info: org.openqa.selenium.chrome.ChromeDriver\nCommand: [7f53ae278837914d44fbc1a8385efcce, clickElement {id=f.6C03CF6ADFF7287DED64CF2AEC10087F.d.700D3446E8650403E1EBFD34112F068D.e.382}]\nCapabilities {acceptInsecureCerts: false, browserName: chrome, browserVersion: 122.0.6261.69, chrome: {chromedriverVersion: 122.0.6261.94 (880dbf29479c..., userDataDir: /var/folders/ld/nvs4ylrn1dv...}, fedcm:accounts: true, goog:chromeOptions: {debuggerAddress: localhost:63591}, networkConnectionEnabled: false, pageLoadStrategy: normal, platformName: mac, proxy: Proxy(), se:cdp: ws://localhost:63591/devtoo..., se:cdpVersion: 122.0.6261.69, setWindowRect: true, strictFileInteractability: false, timeouts: {implicit: 0, pageLoad: 300000, script: 30000}, unhandledPromptBehavior: dismiss and notify, webauthn:extension:credBlob: true, webauthn:extension:largeBlob: true, webauthn:extension:minPinLength: true, webauthn:extension:prf: true, webauthn:virtualAuthenticators: true}\nElement: [[ChromeDriver: chrome on mac (7f53ae278837914d44fbc1a8385efcce)] -> xpath: //span[contains(text(),'Rewards')]]\nSession ID: 7f53ae278837914d44fbc1a8385efcce\n\tat java.base/jdk.internal.reflect.NativeConstructorAccessorImpl.newInstance0(Native Method)\n\tat java.base/jdk.internal.reflect.NativeConstructorAccessorImpl.newInstance(NativeConstructorAccessorImpl.java:62)\n\tat java.base/jdk.internal.reflect.DelegatingConstructorAccessorImpl.newInstance(DelegatingConstructorAccessorImpl.java:45)\n\tat java.base/java.lang.reflect.Constructor.newInstance(Constructor.java:490)\n\tat org.openqa.selenium.remote.codec.w3c.W3CHttpResponseCodec.createException(W3CHttpResponseCodec.java:199)\n\tat org.openqa.selenium.remote.codec.w3c.W3CHttpResponseCodec.decode(W3CHttpResponseCodec.java:132)\n\tat org.openqa.selenium.remote.codec.w3c.W3CHttpResponseCodec.decode(W3CHttpResponseCodec.java:51)\n\tat org.openqa.selenium.remote.HttpCommandExecutor.execute(HttpCommandExecutor.java:191)\n\tat org.openqa.selenium.remote.service.DriverCommandExecutor.invokeExecute(DriverCommandExecutor.java:196)\n\tat org.openqa.selenium.remote.service.DriverCommandExecutor.execute(DriverCommandExecutor.java:171)\n\tat org.openqa.selenium.remote.RemoteWebDriver.execute(RemoteWebDriver.java:531)\n\tat org.openqa.selenium.remote.RemoteWebElement.execute(RemoteWebElement.java:242)\n\tat org.openqa.selenium.remote.RemoteWebElement.click(RemoteWebElement.java:77)\n\tat steps.StepDefinitions.user_click_on_rewards_heading_in_header_section_in_home_page(StepDefinitions.java:83)\n\tat ✽.user click on rewards heading in header section in home page(file:///Users/139srk/eclipse-workspace/BSTLBDDCUCUMBERFRAMWORK/src/test/resources/features/sanity/Rewardspage.feature:12)\n"},"stage":"finished","steps":[{"name":"Given  user starts \"chrome\" browser","status":"passed","statusDetails":{"known":false,"muted":false,"flaky":false},"stage":"finished","steps":[],"attachments":[],"parameters":[],"start":1709372084598,"stop":1709372085727},{"name":"And  user launch PWA using URL \"https://bstl-pwa.skordev.com/#/login\"","status":"passed","statusDetails":{"known":false,"muted":false,"flaky":false},"stage":"finished","steps":[],"attachments":[],"parameters":[],"start":1709372085728,"stop":1709372090445},{"name":"And  user click on langauge change icon","status":"passed","statusDetails":{"known":false,"muted":false,"flaky":false},"stage":"finished","steps":[],"attachments":[],"parameters":[],"start":1709372090447,"stop":1709372090504},{"name":"And  user change the language Thai to English","status":"passed","statusDetails":{"known":false,"muted":false,"flaky":false},"stage":"finished","steps":[],"attachments":[],"parameters":[],"start":1709372090505,"stop":1709372093715},{"name":"When  user enter the  username  \"norm@bstl.com\"","status":"passed","statusDetails":{"known":false,"muted":false,"flaky":false},"stage":"finished","steps":[],"attachments":[],"parameters":[],"start":1709372093715,"stop":1709372093787},{"name":"When  user enter the  password \"pass\"","status":"passed","statusDetails":{"known":false,"muted":false,"flaky":false},"stage":"finished","steps":[],"attachments":[],"parameters":[],"start":1709372093787,"stop":1709372093816},{"name":"And  user click on terms & conditions check box","status":"passed","statusDetails":{"known":false,"muted":false,"flaky":false},"stage":"finished","steps":[],"attachments":[],"parameters":[],"start":1709372093817,"stop":1709372093843},{"name":"And  user click on login button","status":"passed","statusDetails":{"known":false,"muted":false,"flaky":false},"stage":"finished","steps":[],"attachments":[],"parameters":[],"start":1709372093844,"stop":1709372097374},{"name":"When  user click on rewards heading in header section in home page","status":"broken","statusDetails":{"known":false,"muted":false,"flaky":false,"message":"element click intercepted: Element <span _ngcontent-ng-c1088699339=\"\" ng-reflect-ng-class=\"font-unselected\" class=\"font-unselected\">...</span> is not clickable at point (629, 41). Other element would receive the click: <div _ngcontent-ng-c1088699339=\"\" class=\"d-flex flex-row align-items-center side--menu-item selected ng-star-inserted\" tabindex=\"0\" ng-reflect-ng-class=\"selected\" ng-reflect-router-link=\"/home\">...</div>\n  (Session info: chrome=122.0.6261.69)\nBuild info: version: '4.10.0', revision: 'c14d967899'\nSystem info: os.name: 'Mac OS X', os.arch: 'aarch64', os.version: '14.2.1', java.version: '11.0.19'\nDriver info: org.openqa.selenium.chrome.ChromeDriver\nCommand: [7f53ae278837914d44fbc1a8385efcce, clickElement {id=f.6C03CF6ADFF7287DED64CF2AEC10087F.d.700D3446E8650403E1EBFD34112F068D.e.382}]\nCapabilities {acceptInsecureCerts: false, browserName: chrome, browserVersion: 122.0.6261.69, chrome: {chromedriverVersion: 122.0.6261.94 (880dbf29479c..., userDataDir: /var/folders/ld/nvs4ylrn1dv...}, fedcm:accounts: true, goog:chromeOptions: {debuggerAddress: localhost:63591}, networkConnectionEnabled: false, pageLoadStrategy: normal, platformName: mac, proxy: Proxy(), se:cdp: ws://localhost:63591/devtoo..., se:cdpVersion: 122.0.6261.69, setWindowRect: true, strictFileInteractability: false, timeouts: {implicit: 0, pageLoad: 300000, script: 30000}, unhandledPromptBehavior: dismiss and notify, webauthn:extension:credBlob: true, webauthn:extension:largeBlob: true, webauthn:extension:minPinLength: true, webauthn:extension:prf: true, webauthn:virtualAuthenticators: true}\nElement: [[ChromeDriver: chrome on mac (7f53ae278837914d44fbc1a8385efcce)] -> xpath: //span[contains(text(),'Rewards')]]\nSession ID: 7f53ae278837914d44fbc1a8385efcce","trace":"org.openqa.selenium.ElementClickInterceptedException: element click intercepted: Element <span _ngcontent-ng-c1088699339=\"\" ng-reflect-ng-class=\"font-unselected\" class=\"font-unselected\">...</span> is not clickable at point (629, 41). Other element would receive the click: <div _ngcontent-ng-c1088699339=\"\" class=\"d-flex flex-row align-items-center side--menu-item selected ng-star-inserted\" tabindex=\"0\" ng-reflect-ng-class=\"selected\" ng-reflect-router-link=\"/home\">...</div>\n  (Session info: chrome=122.0.6261.69)\nBuild info: version: '4.10.0', revision: 'c14d967899'\nSystem info: os.name: 'Mac OS X', os.arch: 'aarch64', os.version: '14.2.1', java.version: '11.0.19'\nDriver info: org.openqa.selenium.chrome.ChromeDriver\nCommand: [7f53ae278837914d44fbc1a8385efcce, clickElement {id=f.6C03CF6ADFF7287DED64CF2AEC10087F.d.700D3446E8650403E1EBFD34112F068D.e.382}]\nCapabilities {acceptInsecureCerts: false, browserName: chrome, browserVersion: 122.0.6261.69, chrome: {chromedriverVersion: 122.0.6261.94 (880dbf29479c..., userDataDir: /var/folders/ld/nvs4ylrn1dv...}, fedcm:accounts: true, goog:chromeOptions: {debuggerAddress: localhost:63591}, networkConnectionEnabled: false, pageLoadStrategy: normal, platformName: mac, proxy: Proxy(), se:cdp: ws://localhost:63591/devtoo..., se:cdpVersion: 122.0.6261.69, setWindowRect: true, strictFileInteractability: false, timeouts: {implicit: 0, pageLoad: 300000, script: 30000}, unhandledPromptBehavior: dismiss and notify, webauthn:extension:credBlob: true, webauthn:extension:largeBlob: true, webauthn:extension:minPinLength: true, webauthn:extension:prf: true, webauthn:virtualAuthenticators: true}\nElement: [[ChromeDriver: chrome on mac (7f53ae278837914d44fbc1a8385efcce)] -> xpath: //span[contains(text(),'Rewards')]]\nSession ID: 7f53ae278837914d44fbc1a8385efcce\n\tat java.base/jdk.internal.reflect.NativeConstructorAccessorImpl.newInstance0(Native Method)\n\tat java.base/jdk.internal.reflect.NativeConstructorAccessorImpl.newInstance(NativeConstructorAccessorImpl.java:62)\n\tat java.base/jdk.internal.reflect.DelegatingConstructorAccessorImpl.newInstance(DelegatingConstructorAccessorImpl.java:45)\n\tat java.base/java.lang.reflect.Constructor.newInstance(Constructor.java:490)\n\tat org.openqa.selenium.remote.codec.w3c.W3CHttpResponseCodec.createException(W3CHttpResponseCodec.java:199)\n\tat org.openqa.selenium.remote.codec.w3c.W3CHttpResponseCodec.decode(W3CHttpResponseCodec.java:132)\n\tat org.openqa.selenium.remote.codec.w3c.W3CHttpResponseCodec.decode(W3CHttpResponseCodec.java:51)\n\tat org.openqa.selenium.remote.HttpCommandExecutor.execute(HttpCommandExecutor.java:191)\n\tat org.openqa.selenium.remote.service.DriverCommandExecutor.invokeExecute(DriverCommandExecutor.java:196)\n\tat org.openqa.selenium.remote.service.DriverCommandExecutor.execute(DriverCommandExecutor.java:171)\n\tat org.openqa.selenium.remote.RemoteWebDriver.execute(RemoteWebDriver.java:531)\n\tat org.openqa.selenium.remote.RemoteWebElement.execute(RemoteWebElement.java:242)\n\tat org.openqa.selenium.remote.RemoteWebElement.click(RemoteWebElement.java:77)\n\tat steps.StepDefinitions.user_click_on_rewards_heading_in_header_section_in_home_page(StepDefinitions.java:83)\n\tat ✽.user click on rewards heading in header section in home page(file:///Users/139srk/eclipse-workspace/BSTLBDDCUCUMBERFRAMWORK/src/test/resources/features/sanity/Rewardspage.feature:12)\n"},"stage":"finished","steps":[],"attachments":[],"parameters":[],"start":1709372097376,"stop":1709372104271},{"name":"And  user click on e-voucher reward","status":"skipped","statusDetails":{"known":false,"muted":false,"flaky":false},"stage":"finished","steps":[],"attachments":[],"parameters":[],"start":1709372104273,"stop":1709372104275},{"name":"When  user click on redeem button","status":"skipped","statusDetails":{"known":false,"muted":false,"flaky":false},"stage":"finished","steps":[],"attachments":[],"parameters":[],"start":1709372104275,"stop":1709372104275},{"name":"And  user click on redeem now button","status":"skipped","statusDetails":{"known":false,"muted":false,"flaky":false},"stage":"finished","steps":[],"attachments":[],"parameters":[],"start":1709372104276,"stop":1709372104276},{"name":"When  user click on redeem now button on order confirmation page","status":"skipped","statusDetails":{"known":false,"muted":false,"flaky":false},"stage":"finished","steps":[],"attachments":[],"parameters":[],"start":1709372104276,"stop":1709372104276},{"name":"And  click on view order button","status":"skipped","statusDetails":{"known":false,"muted":false,"flaky":false},"stage":"finished","steps":[],"attachments":[],"parameters":[],"start":1709372104277,"stop":1709372104277},{"name":"And  user click on mark as used button","status":"skipped","statusDetails":{"known":false,"muted":false,"flaky":false},"stage":"finished","steps":[],"attachments":[],"parameters":[],"start":1709372104277,"stop":1709372104277},{"name":"And  user click on mark as ued tab yes button","status":"skipped","statusDetails":{"known":false,"muted":false,"flaky":false},"stage":"finished","steps":[],"attachments":[],"parameters":[],"start":1709372104278,"stop":1709372104279},{"name":"Then  user click on rewards heading in header","status":"skipped","statusDetails":{"known":false,"muted":false,"flaky":false},"stage":"finished","steps":[],"attachments":[],"parameters":[],"start":1709372104280,"stop":1709372104280},{"name":"And  click on my wallet","status":"skipped","statusDetails":{"known":false,"muted":false,"flaky":false},"stage":"finished","steps":[],"attachments":[],"parameters":[],"start":1709372104281,"stop":1709372104281},{"name":"And  user click on profile tab","status":"skipped","statusDetails":{"known":false,"muted":false,"flaky":false},"stage":"finished","steps":[],"attachments":[],"parameters":[],"start":1709372104281,"stop":1709372104282},{"name":"And  user click on signout button","status":"skipped","statusDetails":{"known":false,"muted":false,"flaky":false},"stage":"finished","steps":[],"attachments":[],"parameters":[],"start":1709372104282,"stop":1709372104282}],"attachments":[],"parameters":[],"start":1709372084596,"stop":1709372104284}